<?xml version="1.0" encoding="UTF-8"?>
<!-- Generated by org.testng.reporters.JUnitReportReporter -->
<testsuite hostname="DESKTOP-D9POCNQ" failures="0" tests="1" name="azure.Az_Java.testnormal" time="0.019" errors="0" timestamp="2022-07-30T18:11:39 IST" skipped="0">
  <testcase classname="azure.Az_Java.testnormal" name="add" time="0.019"/>
  <system-out/>
</testsuite> <!-- azure.Az_Java.testnormal -->
